<?xml version="1.0" encoding="UTF-8"?>
<!-- Generated by org.testng.reporters.JUnitReportReporter -->
<testsuite hostname="CPDK055" failures="0" tests="1" name="test.RunProject" time="189.705" errors="0" timestamp="2025-09-09T10:03:55 IST" skipped="0">
  <testcase classname="test.RunProject" name="execute" time="189.705"/>
</testsuite> <!-- test.RunProject -->
